<?xml version="1.0" encoding="UTF-8"?>
<testsuite xmlns:xsi="http://www.w3.org/2001/XMLSchema-instance" xsi:noNamespaceSchemaLocation="https://maven.apache.org/surefire/maven-surefire-plugin/xsd/surefire-test-report.xsd" name="PrimNum.PrimeNumbers.TestPrime" time="0.068" tests="6" errors="0" skipped="0" failures="0">
  <properties>
[...]
</properties>
  <testcase name="TestIsInputInteger" classname="PrimNum.PrimeNumbers.TestPrime" time="0.001"/>
  <testcase name="TestIsNumLessThanOne" classname="PrimNum.PrimeNumbers.TestPrime" time="0"/>
  <testcase name="TestPrimeStartEndNumValidate" classname="PrimNum.PrimeNumbers.TestPrime" time="0"/>
  <testcase name="TestPrimeNotFound" classname="PrimNum.PrimeNumbers.TestPrime" time="0.001"/>
  <testcase name="TestSecondLessThanFirst" classname="PrimNum.PrimeNumbers.TestPrime" time="0"/>
  <testcase name="TestPrimeRangeValidate" classname="PrimNum.PrimeNumbers.TestPrime" time="0"/>
</testsuite>